Determining if the pthread_create exist failed with the following output:
Change Dir: /home/lihao/workspace/opencv/AprilTag(video)/cmake-build-debug/CMakeFiles/CMakeTmp

Run Build Command:"/usr/bin/make" "cmTC_312a1/fast"
/usr/bin/make -f CMakeFiles/cmTC_312a1.dir/build.make CMakeFiles/cmTC_312a1.dir/build
make[1]: Entering directory '/home/lihao/workspace/opencv/AprilTag(video)/cmake-build-debug/CMakeFiles/CMakeTmp'
Building C object CMakeFiles/cmTC_312a1.dir/CheckSymbolExists.c.o
/usr/bin/cc    -o CMakeFiles/cmTC_312a1.dir/CheckSymbolExists.c.o   -c "/home/lihao/workspace/opencv/AprilTag(video)/cmake-build-debug/CMakeFiles/CMakeTmp/CheckSymbolExists.c"
Linking C executable cmTC_312a1
/home/lihao/software/clion-2018.3.4/bin/cmake/linux/bin/cmake -E cmake_link_script CMakeFiles/cmTC_312a1.dir/link.txt --verbose=1
/usr/bin/cc      CMakeFiles/cmTC_312a1.dir/CheckSymbolExists.c.o  -o cmTC_312a1 
CMakeFiles/cmTC_312a1.dir/CheckSymbolExists.c.o：在函数‘main’中：
CheckSymbolExists.c:(.text+0x16)：对‘pthread_create’未定义的引用
collect2: error: ld returned 1 exit status
CMakeFiles/cmTC_312a1.dir/build.make:86: recipe for target 'cmTC_312a1' failed
make[1]: *** [cmTC_312a1] Error 1
make[1]: Leaving directory '/home/lihao/workspace/opencv/AprilTag(video)/cmake-build-debug/CMakeFiles/CMakeTmp'
Makefile:121: recipe for target 'cmTC_312a1/fast' failed
make: *** [cmTC_312a1/fast] Error 2

File /home/lihao/workspace/opencv/AprilTag(video)/cmake-build-debug/CMakeFiles/CMakeTmp/CheckSymbolExists.c:
/* */
#include <pthread.h>

int main(int argc, char** argv)
{
  (void)argv;
#ifndef pthread_create
  return ((int*)(&pthread_create))[argc];
#else
  (void)argc;
  return 0;
#endif
}

Determining if the function pthread_create exists in the pthreads failed with the following output:
Change Dir: /home/lihao/workspace/opencv/AprilTag(video)/cmake-build-debug/CMakeFiles/CMakeTmp

Run Build Command:"/usr/bin/make" "cmTC_a2532/fast"
/usr/bin/make -f CMakeFiles/cmTC_a2532.dir/build.make CMakeFiles/cmTC_a2532.dir/build
make[1]: Entering directory '/home/lihao/workspace/opencv/AprilTag(video)/cmake-build-debug/CMakeFiles/CMakeTmp'
Building C object CMakeFiles/cmTC_a2532.dir/CheckFunctionExists.c.o
/usr/bin/cc   -DCHECK_FUNCTION_EXISTS=pthread_create   -o CMakeFiles/cmTC_a2532.dir/CheckFunctionExists.c.o   -c /home/lihao/software/clion-2018.3.4/bin/cmake/linux/share/cmake-3.13/Modules/CheckFunctionExists.c
Linking C executable cmTC_a2532
/home/lihao/software/clion-2018.3.4/bin/cmake/linux/bin/cmake -E cmake_link_script CMakeFiles/cmTC_a2532.dir/link.txt --verbose=1
/usr/bin/cc  -DCHECK_FUNCTION_EXISTS=pthread_create    CMakeFiles/cmTC_a2532.dir/CheckFunctionExists.c.o  -o cmTC_a2532 -lpthreads 
/usr/bin/ld: 找不到 -lpthreads
collect2: error: ld returned 1 exit status
CMakeFiles/cmTC_a2532.dir/build.make:86: recipe for target 'cmTC_a2532' failed
make[1]: *** [cmTC_a2532] Error 1
make[1]: Leaving directory '/home/lihao/workspace/opencv/AprilTag(video)/cmake-build-debug/CMakeFiles/CMakeTmp'
Makefile:121: recipe for target 'cmTC_a2532/fast' failed
make: *** [cmTC_a2532/fast] Error 2


