Determining if the pthread_create exist failed with the following output:
Change Dir: /home/lihao/workspace/opencv/AprilTag_location/cmake-build-debug/CMakeFiles/CMakeTmp

Run Build Command:"/usr/bin/make" "cmTC_8a5ea/fast"
/usr/bin/make -f CMakeFiles/cmTC_8a5ea.dir/build.make CMakeFiles/cmTC_8a5ea.dir/build
make[1]: Entering directory '/home/lihao/workspace/opencv/AprilTag_location/cmake-build-debug/CMakeFiles/CMakeTmp'
Building C object CMakeFiles/cmTC_8a5ea.dir/CheckSymbolExists.c.o
/usr/bin/cc    -o CMakeFiles/cmTC_8a5ea.dir/CheckSymbolExists.c.o   -c /home/lihao/workspace/opencv/AprilTag_location/cmake-build-debug/CMakeFiles/CMakeTmp/CheckSymbolExists.c
Linking C executable cmTC_8a5ea
/home/lihao/software/clion-2018.3.4/bin/cmake/linux/bin/cmake -E cmake_link_script CMakeFiles/cmTC_8a5ea.dir/link.txt --verbose=1
/usr/bin/cc      CMakeFiles/cmTC_8a5ea.dir/CheckSymbolExists.c.o  -o cmTC_8a5ea 
CMakeFiles/cmTC_8a5ea.dir/CheckSymbolExists.c.o：在函数‘main’中：
CheckSymbolExists.c:(.text+0x16)：对‘pthread_create’未定义的引用
collect2: error: ld returned 1 exit status
CMakeFiles/cmTC_8a5ea.dir/build.make:86: recipe for target 'cmTC_8a5ea' failed
make[1]: *** [cmTC_8a5ea] Error 1
make[1]: Leaving directory '/home/lihao/workspace/opencv/AprilTag_location/cmake-build-debug/CMakeFiles/CMakeTmp'
Makefile:121: recipe for target 'cmTC_8a5ea/fast' failed
make: *** [cmTC_8a5ea/fast] Error 2

File /home/lihao/workspace/opencv/AprilTag_location/cmake-build-debug/CMakeFiles/CMakeTmp/CheckSymbolExists.c:
/* */
#include <pthread.h>

int main(int argc, char** argv)
{
  (void)argv;
#ifndef pthread_create
  return ((int*)(&pthread_create))[argc];
#else
  (void)argc;
  return 0;
#endif
}

Determining if the function pthread_create exists in the pthreads failed with the following output:
Change Dir: /home/lihao/workspace/opencv/AprilTag_location/cmake-build-debug/CMakeFiles/CMakeTmp

Run Build Command:"/usr/bin/make" "cmTC_f2780/fast"
/usr/bin/make -f CMakeFiles/cmTC_f2780.dir/build.make CMakeFiles/cmTC_f2780.dir/build
make[1]: Entering directory '/home/lihao/workspace/opencv/AprilTag_location/cmake-build-debug/CMakeFiles/CMakeTmp'
Building C object CMakeFiles/cmTC_f2780.dir/CheckFunctionExists.c.o
/usr/bin/cc   -DCHECK_FUNCTION_EXISTS=pthread_create   -o CMakeFiles/cmTC_f2780.dir/CheckFunctionExists.c.o   -c /home/lihao/software/clion-2018.3.4/bin/cmake/linux/share/cmake-3.13/Modules/CheckFunctionExists.c
Linking C executable cmTC_f2780
/home/lihao/software/clion-2018.3.4/bin/cmake/linux/bin/cmake -E cmake_link_script CMakeFiles/cmTC_f2780.dir/link.txt --verbose=1
/usr/bin/cc  -DCHECK_FUNCTION_EXISTS=pthread_create    CMakeFiles/cmTC_f2780.dir/CheckFunctionExists.c.o  -o cmTC_f2780 -lpthreads 
/usr/bin/ld: 找不到 -lpthreads
collect2: error: ld returned 1 exit status
CMakeFiles/cmTC_f2780.dir/build.make:86: recipe for target 'cmTC_f2780' failed
make[1]: *** [cmTC_f2780] Error 1
make[1]: Leaving directory '/home/lihao/workspace/opencv/AprilTag_location/cmake-build-debug/CMakeFiles/CMakeTmp'
Makefile:121: recipe for target 'cmTC_f2780/fast' failed
make: *** [cmTC_f2780/fast] Error 2


